0 info it worked if it ends with ok
1 verbose cli [ '/usr/local/Cellar/node/7.0.0/bin/node',
1 verbose cli   '/usr/local/bin/npm',
1 verbose cli   'install',
1 verbose cli   'lesswatch',
1 verbose cli   '--global' ]
2 info using npm@3.10.8
3 info using node@v7.0.0
4 silly loadCurrentTree Starting
5 silly install loadCurrentTree
6 silly install readGlobalPackageData
7 silly fetchPackageMetaData lesswatch
8 silly fetchNamedPackageData lesswatch
9 silly mapToRegistry name lesswatch
10 silly mapToRegistry using default registry
11 silly mapToRegistry registry https://registry.npmjs.org/
12 silly mapToRegistry data Result {
12 silly mapToRegistry   raw: 'lesswatch',
12 silly mapToRegistry   scope: null,
12 silly mapToRegistry   escapedName: 'lesswatch',
12 silly mapToRegistry   name: 'lesswatch',
12 silly mapToRegistry   rawSpec: '',
12 silly mapToRegistry   spec: 'latest',
12 silly mapToRegistry   type: 'tag' }
13 silly mapToRegistry uri https://registry.npmjs.org/lesswatch
14 verbose request uri https://registry.npmjs.org/lesswatch
15 verbose request no auth needed
16 info attempt registry request try #1 at 4:05:08 PM
17 verbose request id c86a8f10f18409e2
18 http request GET https://registry.npmjs.org/lesswatch
19 info retry will retry, error on last attempt: Error: connect ETIMEDOUT 185.31.17.162:443
20 info attempt registry request try #2 at 4:06:35 PM
21 http request GET https://registry.npmjs.org/lesswatch
22 info retry will retry, error on last attempt: Error: connect ETIMEDOUT 185.31.17.162:443
23 info attempt registry request try #3 at 4:08:54 PM
24 http request GET https://registry.npmjs.org/lesswatch
25 silly fetchPackageMetaData Error: connect ETIMEDOUT 185.31.17.162:443
25 silly fetchPackageMetaData     at Object.exports._errnoException (util.js:1026:11)
25 silly fetchPackageMetaData     at exports._exceptionWithHostPort (util.js:1049:20)
25 silly fetchPackageMetaData     at TCPConnectWrap.afterConnect [as oncomplete] (net.js:1090:14)
25 silly fetchPackageMetaData  error for lesswatch { Error: connect ETIMEDOUT 185.31.17.162:443
25 silly fetchPackageMetaData     at Object.exports._errnoException (util.js:1026:11)
25 silly fetchPackageMetaData     at exports._exceptionWithHostPort (util.js:1049:20)
25 silly fetchPackageMetaData     at TCPConnectWrap.afterConnect [as oncomplete] (net.js:1090:14)
25 silly fetchPackageMetaData   code: 'ETIMEDOUT',
25 silly fetchPackageMetaData   errno: 'ETIMEDOUT',
25 silly fetchPackageMetaData   syscall: 'connect',
25 silly fetchPackageMetaData   address: '185.31.17.162',
25 silly fetchPackageMetaData   port: 443 }
26 silly rollbackFailedOptional Starting
27 silly rollbackFailedOptional Finishing
28 silly runTopLevelLifecycles Finishing
29 silly install printInstalled
30 verbose stack Error: connect ETIMEDOUT 185.31.17.162:443
30 verbose stack     at Object.exports._errnoException (util.js:1026:11)
30 verbose stack     at exports._exceptionWithHostPort (util.js:1049:20)
30 verbose stack     at TCPConnectWrap.afterConnect [as oncomplete] (net.js:1090:14)
31 verbose cwd /Users/ameer/Creative/x/node/tinker/www
32 error Darwin 15.0.0
33 error argv "/usr/local/Cellar/node/7.0.0/bin/node" "/usr/local/bin/npm" "install" "lesswatch" "--global"
34 error node v7.0.0
35 error npm  v3.10.8
36 error code ETIMEDOUT
37 error errno ETIMEDOUT
38 error syscall connect
39 error network connect ETIMEDOUT 185.31.17.162:443
40 error network This is most likely not a problem with npm itself
40 error network and is related to network connectivity.
40 error network In most cases you are behind a proxy or have bad network settings.
40 error network
40 error network If you are behind a proxy, please make sure that the
40 error network 'proxy' config is set properly.  See: 'npm help config'
41 verbose exit [ 1, true ]
